autocoders.frontend/platforms/android/build/outputs/apk/manifest-merger-debug-report.txt
-- Merging decision tree log ---
manifest
ADDED from AndroidManifest.xml:2:1
	package
		ADDED from AndroidManifest.xml:2:98
	android:versionName
		ADDED from AndroidManifest.xml:2:70
	android:hardwareAccelerated
		ADDED from AndroidManifest.xml:2:11
	android:versionCode
		ADDED from AndroidManifest.xml:2:46
		INJECTED from AndroidManifest.xml:0:0
		INJECTED from AndroidManifest.xml:0:0
	xmlns:android
		ADDED from AndroidManifest.xml:2:152
supports-screens
ADDED from AndroidManifest.xml:3:5
	android:largeScreens
		ADDED from AndroidManifest.xml:3:49
	android:smallScreens
		ADDED from AndroidManifest.xml:3:132
	android:normalScreens
		ADDED from AndroidManifest.xml:3:77
	android:xlargeScreens
		ADDED from AndroidManifest.xml:3:160
	android:resizeable
		ADDED from AndroidManifest.xml:3:106
	android:anyDensity
		ADDED from AndroidManifest.xml:3:23
uses-permission#android.permission.INTERNET
ADDED from AndroidManifest.xml:4:5
	android:name
		ADDED from AndroidManifest.xml:4:22
uses-permission#android.permission.ACCESS_NETWORK_STATE
ADDED from AndroidManifest.xml:5:5
	android:name
		ADDED from AndroidManifest.xml:5:22
uses-permission#android.permission.ACCESS_WIFI_STATE
ADDED from AndroidManifest.xml:6:5
	android:name
		ADDED from AndroidManifest.xml:6:22
application
ADDED from AndroidManifest.xml:7:5
MERGED from com.android.support:support-v4:23.0.1:22:5
MERGED from com.android.support:support-v13:23.0.1:22:5
MERGED from com.android.support:support-v4:23.0.1:22:5
	android:label
		ADDED from AndroidManifest.xml:7:83
	android:supportsRtl
		ADDED from AndroidManifest.xml:7:116
	android:hardwareAccelerated
		ADDED from AndroidManifest.xml:7:18
	android:icon
		ADDED from AndroidManifest.xml:7:53
activity#com.ionicframework.autocodersfrontend154235.MainActivity
ADDED from AndroidManifest.xml:8:9
	android:label
		ADDED from AndroidManifest.xml:8:97
	android:launchMode
		ADDED from AndroidManifest.xml:8:135
	android:windowSoftInputMode
		ADDED from AndroidManifest.xml:8:248
	android:configChanges
		ADDED from AndroidManifest.xml:8:19
	android:theme
		ADDED from AndroidManifest.xml:8:194
	android:name
		ADDED from AndroidManifest.xml:8:166
intent-filter#android.intent.action.MAIN+android.intent.category.LAUNCHER
ADDED from AndroidManifest.xml:9:13
	android:label
		ADDED from AndroidManifest.xml:9:28
action#android.intent.action.MAIN
ADDED from AndroidManifest.xml:10:17
	android:name
		ADDED from AndroidManifest.xml:10:25
category#android.intent.category.LAUNCHER
ADDED from AndroidManifest.xml:11:17
	android:name
		ADDED from AndroidManifest.xml:11:27
activity#com.google.zxing.client.android.CaptureActivity
ADDED from AndroidManifest.xml:14:9
	android:clearTaskOnLaunch
		ADDED from AndroidManifest.xml:14:19
	android:exported
		ADDED from AndroidManifest.xml:14:103
	android:windowSoftInputMode
		ADDED from AndroidManifest.xml:14:250
	android:configChanges
		ADDED from AndroidManifest.xml:14:52
	android:theme
		ADDED from AndroidManifest.xml:14:191
	android:name
		ADDED from AndroidManifest.xml:14:128
intent-filter#android.intent.category.DEFAULT+com.google.zxing.client.android.SCAN
ADDED from AndroidManifest.xml:15:13
action#com.google.zxing.client.android.SCAN
ADDED from AndroidManifest.xml:16:17
	android:name
		ADDED from AndroidManifest.xml:16:25
category#android.intent.category.DEFAULT
ADDED from AndroidManifest.xml:17:17
	android:name
		ADDED from AndroidManifest.xml:17:27
activity#com.google.zxing.client.android.encode.EncodeActivity
ADDED from AndroidManifest.xml:20:9
	android:label
		ADDED from AndroidManifest.xml:20:19
	android:name
		ADDED from AndroidManifest.xml:20:54
intent-filter#android.intent.category.DEFAULT+com.phonegap.plugins.barcodescanner.ENCODE
ADDED from AndroidManifest.xml:21:13
action#com.phonegap.plugins.barcodescanner.ENCODE
ADDED from AndroidManifest.xml:22:17
	android:name
		ADDED from AndroidManifest.xml:22:25
activity#com.google.zxing.client.android.HelpActivity
ADDED from AndroidManifest.xml:26:9
	android:label
		ADDED from AndroidManifest.xml:26:19
	android:name
		ADDED from AndroidManifest.xml:26:54
intent-filter#android.intent.action.VIEW+android.intent.category.DEFAULT
ADDED from AndroidManifest.xml:27:13
action#android.intent.action.VIEW
ADDED from AndroidManifest.xml:28:17
	android:name
		ADDED from AndroidManifest.xml:28:25
activity#com.plugin.gcm.PushHandlerActivity
ADDED from AndroidManifest.xml:32:9
	android:exported
		ADDED from AndroidManifest.xml:32:19
	android:name
		ADDED from AndroidManifest.xml:32:43
receiver#com.plugin.gcm.CordovaGCMBroadcastReceiver
ADDED from AndroidManifest.xml:33:9
	android:permission
		ADDED from AndroidManifest.xml:33:77
	android:name
		ADDED from AndroidManifest.xml:33:19
intent-filter#com.google.android.c2dm.intent.RECEIVE+com.google.android.c2dm.intent.REGISTRATION+com.ionicframework.autocodersfrontend154235
ADDED from AndroidManifest.xml:34:13
action#com.google.android.c2dm.intent.RECEIVE
ADDED from AndroidManifest.xml:35:17
	android:name
		ADDED from AndroidManifest.xml:35:25
action#com.google.android.c2dm.intent.REGISTRATION
ADDED from AndroidManifest.xml:36:17
	android:name
		ADDED from AndroidManifest.xml:36:25
category#com.ionicframework.autocodersfrontend154235
ADDED from AndroidManifest.xml:37:17
	android:name
		ADDED from AndroidManifest.xml:37:27
service#com.plugin.gcm.GCMIntentService
ADDED from AndroidManifest.xml:40:9
	android:name
		ADDED from AndroidManifest.xml:40:18
activity#com.adobe.phonegap.push.PushHandlerActivity
ADDED from AndroidManifest.xml:41:9
	android:exported
		ADDED from AndroidManifest.xml:41:19
	android:name
		ADDED from AndroidManifest.xml:41:43
receiver#com.adobe.phonegap.push.CordovaGCMBroadcastReceiver
ADDED from AndroidManifest.xml:42:9
	android:permission
		ADDED from AndroidManifest.xml:42:86
	android:name
		ADDED from AndroidManifest.xml:42:19
service#com.adobe.phonegap.push.GCMIntentService
ADDED from AndroidManifest.xml:49:9
	android:name
		ADDED from AndroidManifest.xml:49:18
uses-sdk
ADDED from AndroidManifest.xml:51:5
MERGED from com.android.support:support-v4:23.0.1:20:5
MERGED from com.android.support:support-v13:23.0.1:20:5
MERGED from com.android.support:support-v4:23.0.1:20:5
MERGED from android:CordovaLib:unspecified:debug:25:5
	android:targetSdkVersion
		ADDED from AndroidManifest.xml:51:42
	android:minSdkVersion
		ADDED from AndroidManifest.xml:51:15
uses-permission#android.permission.CAMERA
ADDED from AndroidManifest.xml:52:5
	android:name
		ADDED from AndroidManifest.xml:52:22
uses-permission#android.permission.FLASHLIGHT
ADDED from AndroidManifest.xml:53:5
	android:name
		ADDED from AndroidManifest.xml:53:22
uses-feature#android.hardware.camera
ADDED from AndroidManifest.xml:54:5
	android:required
		ADDED from AndroidManifest.xml:54:58
	android:name
		ADDED from AndroidManifest.xml:54:19
uses-permission#android.permission.GET_ACCOUNTS
ADDED from AndroidManifest.xml:55:5
	android:name
		ADDED from AndroidManifest.xml:55:22
uses-permission#android.permission.WAKE_LOCK
ADDED from AndroidManifest.xml:56:5
	android:name
		ADDED from AndroidManifest.xml:56:22
uses-permission#android.permission.VIBRATE
ADDED from AndroidManifest.xml:57:5
	android:name
		ADDED from AndroidManifest.xml:57:22
uses-permission#com.google.android.c2dm.permission.RECEIVE
ADDED from AndroidManifest.xml:58:5
	android:name
		ADDED from AndroidManifest.xml:58:22
permission#com.ionicframework.autocodersfrontend154235.permission.C2D_MESSAGE
ADDED from AndroidManifest.xml:59:5
	android:protectionLevel
		ADDED from AndroidManifest.xml:59:99
	android:name
		ADDED from AndroidManifest.xml:59:17
uses-permission#com.ionicframework.autocodersfrontend154235.permission.C2D_MESSAGE
ADDED from AndroidManifest.xml:60:5
	android:name
		ADDED from AndroidManifest.xml:60:22
uses-permission#android.permission.WRITE_EXTERNAL_STORAGE
ADDED from AndroidManifest.xml:61:5
	android:name
		ADDED from AndroidManifest.xml:61:22
uses-permission#android.permission.RECORD_AUDIO
ADDED from AndroidManifest.xml:62:5
	android:name
		ADDED from AndroidManifest.xml:62:22
uses-permission#android.permission.MODIFY_AUDIO_SETTINGS
ADDED from AndroidManifest.xml:63:5
	android:name
		ADDED from AndroidManifest.xml:63:22
uses-permission#android.permission.READ_PHONE_STATE
ADDED from AndroidManifest.xml:64:5
	android:name
		ADDED from AndroidManifest.xml:64:22